Copyright 1986-2017 Xilinx, Inc. All Rights Reserved.
-----------------------------------------------------------------------------------------------------------------------------------------------------------------------------
| Tool Version : Vivado v.2017.4 (lin64) Build 2086221 Fri Dec 15 20:54:30 MST 2017
| Date         : Thu Apr 18 19:41:08 2019
| Host         : bluewater02 running 64-bit CentOS Linux release 7.5.1804 (Core)
| Command      : report_methodology -file chardisp_v1_0_methodology_drc_routed.rpt -pb chardisp_v1_0_methodology_drc_routed.pb -rpx chardisp_v1_0_methodology_drc_routed.rpx
| Design       : chardisp_v1_0
| Device       : xc7a200tsbg484-1
| Speed File   : -1
| Design State : Routed
-----------------------------------------------------------------------------------------------------------------------------------------------------------------------------

Report Methodology

Table of Contents
-----------------
1. REPORT SUMMARY
2. REPORT DETAILS

1. REPORT SUMMARY
-----------------
            Netlist: netlist
          Floorplan: design_1
      Design limits: <entire design considered>
             Max violations: <unlimited>
             Violations found: 71
+-----------+----------+-----------------------------+------------+
| Rule      | Severity | Description                 | Violations |
+-----------+----------+-----------------------------+------------+
| TIMING-17 | Warning  | Non-clocked sequential cell | 71         |
+-----------+----------+-----------------------------+------------+

2. REPORT DETAILS
-----------------
TIMING-17#1 Warning
Non-clocked sequential cell  
The clock pin chardisp_v1_0_S00_AXI_inst/aw_en_reg/C is not reached by a timing clock
Related violations: <none>

TIMING-17#2 Warning
Non-clocked sequential cell  
The clock pin chardisp_v1_0_S00_AXI_inst/axi_araddr_reg[2]/C is not reached by a timing clock
Related violations: <none>

TIMING-17#3 Warning
Non-clocked sequential cell  
The clock pin chardisp_v1_0_S00_AXI_inst/axi_araddr_reg[3]/C is not reached by a timing clock
Related violations: <none>

TIMING-17#4 Warning
Non-clocked sequential cell  
The clock pin chardisp_v1_0_S00_AXI_inst/axi_arready_reg/C is not reached by a timing clock
Related violations: <none>

TIMING-17#5 Warning
Non-clocked sequential cell  
The clock pin chardisp_v1_0_S00_AXI_inst/axi_awaddr_reg[2]/C is not reached by a timing clock
Related violations: <none>

TIMING-17#6 Warning
Non-clocked sequential cell  
The clock pin chardisp_v1_0_S00_AXI_inst/axi_awaddr_reg[3]/C is not reached by a timing clock
Related violations: <none>

TIMING-17#7 Warning
Non-clocked sequential cell  
The clock pin chardisp_v1_0_S00_AXI_inst/axi_awready_reg/C is not reached by a timing clock
Related violations: <none>

TIMING-17#8 Warning
Non-clocked sequential cell  
The clock pin chardisp_v1_0_S00_AXI_inst/axi_bvalid_reg/C is not reached by a timing clock
Related violations: <none>

TIMING-17#9 Warning
Non-clocked sequential cell  
The clock pin chardisp_v1_0_S00_AXI_inst/axi_rvalid_reg/C is not reached by a timing clock
Related violations: <none>

TIMING-17#10 Warning
Non-clocked sequential cell  
The clock pin chardisp_v1_0_S00_AXI_inst/axi_wready_reg/C is not reached by a timing clock
Related violations: <none>

TIMING-17#11 Warning
Non-clocked sequential cell  
The clock pin chardisp_v1_0_S00_AXI_inst/chardisp/CGROM/U0/inst_blk_mem_gen/gnbram.gnativebmg.native_blk_mem_gen/valid.cstr/ramloop[0].ram.r/prim_init.ram/DEVICE_7SERIES.NO_BMM_INFO.SP.SIMPLE_PRIM18.ram/CLKARDCLK is not reached by a timing clock
Related violations: <none>

TIMING-17#12 Warning
Non-clocked sequential cell  
The clock pin chardisp_v1_0_S00_AXI_inst/chardisp/VRAM/U0/inst_blk_mem_gen/gnbram.gnativebmg.native_blk_mem_gen/valid.cstr/ramloop[0].ram.r/prim_noinit.ram/DEVICE_7SERIES.NO_BMM_INFO.TRUE_DP.SIMPLE_PRIM36.ram/CLKARDCLK is not reached by a timing clock
Related violations: <none>

TIMING-17#13 Warning
Non-clocked sequential cell  
The clock pin chardisp_v1_0_S00_AXI_inst/chardisp/VRAM/U0/inst_blk_mem_gen/gnbram.gnativebmg.native_blk_mem_gen/valid.cstr/ramloop[0].ram.r/prim_noinit.ram/DEVICE_7SERIES.NO_BMM_INFO.TRUE_DP.SIMPLE_PRIM36.ram/CLKBWRCLK is not reached by a timing clock
Related violations: <none>

TIMING-17#14 Warning
Non-clocked sequential cell  
The clock pin chardisp_v1_0_S00_AXI_inst/chardisp/VRAM/U0/inst_blk_mem_gen/gnbram.gnativebmg.native_blk_mem_gen/valid.cstr/ramloop[1].ram.r/prim_noinit.ram/DEVICE_7SERIES.NO_BMM_INFO.TRUE_DP.SIMPLE_PRIM36.ram/CLKARDCLK is not reached by a timing clock
Related violations: <none>

TIMING-17#15 Warning
Non-clocked sequential cell  
The clock pin chardisp_v1_0_S00_AXI_inst/chardisp/VRAM/U0/inst_blk_mem_gen/gnbram.gnativebmg.native_blk_mem_gen/valid.cstr/ramloop[1].ram.r/prim_noinit.ram/DEVICE_7SERIES.NO_BMM_INFO.TRUE_DP.SIMPLE_PRIM36.ram/CLKBWRCLK is not reached by a timing clock
Related violations: <none>

TIMING-17#16 Warning
Non-clocked sequential cell  
The clock pin chardisp_v1_0_S00_AXI_inst/chardisp/VRAM/U0/inst_blk_mem_gen/gnbram.gnativebmg.native_blk_mem_gen/valid.cstr/ramloop[2].ram.r/prim_noinit.ram/DEVICE_7SERIES.NO_BMM_INFO.TRUE_DP.SIMPLE_PRIM36.ram/CLKARDCLK is not reached by a timing clock
Related violations: <none>

TIMING-17#17 Warning
Non-clocked sequential cell  
The clock pin chardisp_v1_0_S00_AXI_inst/chardisp/VRAM/U0/inst_blk_mem_gen/gnbram.gnativebmg.native_blk_mem_gen/valid.cstr/ramloop[2].ram.r/prim_noinit.ram/DEVICE_7SERIES.NO_BMM_INFO.TRUE_DP.SIMPLE_PRIM36.ram/CLKBWRCLK is not reached by a timing clock
Related violations: <none>

TIMING-17#18 Warning
Non-clocked sequential cell  
The clock pin chardisp_v1_0_S00_AXI_inst/chardisp/color_reg[0]/C is not reached by a timing clock
Related violations: <none>

TIMING-17#19 Warning
Non-clocked sequential cell  
The clock pin chardisp_v1_0_S00_AXI_inst/chardisp/color_reg[10]/C is not reached by a timing clock
Related violations: <none>

TIMING-17#20 Warning
Non-clocked sequential cell  
The clock pin chardisp_v1_0_S00_AXI_inst/chardisp/color_reg[11]/C is not reached by a timing clock
Related violations: <none>

TIMING-17#21 Warning
Non-clocked sequential cell  
The clock pin chardisp_v1_0_S00_AXI_inst/chardisp/color_reg[1]/C is not reached by a timing clock
Related violations: <none>

TIMING-17#22 Warning
Non-clocked sequential cell  
The clock pin chardisp_v1_0_S00_AXI_inst/chardisp/color_reg[2]/C is not reached by a timing clock
Related violations: <none>

TIMING-17#23 Warning
Non-clocked sequential cell  
The clock pin chardisp_v1_0_S00_AXI_inst/chardisp/color_reg[3]/C is not reached by a timing clock
Related violations: <none>

TIMING-17#24 Warning
Non-clocked sequential cell  
The clock pin chardisp_v1_0_S00_AXI_inst/chardisp/color_reg[4]/C is not reached by a timing clock
Related violations: <none>

TIMING-17#25 Warning
Non-clocked sequential cell  
The clock pin chardisp_v1_0_S00_AXI_inst/chardisp/color_reg[5]/C is not reached by a timing clock
Related violations: <none>

TIMING-17#26 Warning
Non-clocked sequential cell  
The clock pin chardisp_v1_0_S00_AXI_inst/chardisp/color_reg[6]/C is not reached by a timing clock
Related violations: <none>

TIMING-17#27 Warning
Non-clocked sequential cell  
The clock pin chardisp_v1_0_S00_AXI_inst/chardisp/color_reg[7]/C is not reached by a timing clock
Related violations: <none>

TIMING-17#28 Warning
Non-clocked sequential cell  
The clock pin chardisp_v1_0_S00_AXI_inst/chardisp/color_reg[8]/C is not reached by a timing clock
Related violations: <none>

TIMING-17#29 Warning
Non-clocked sequential cell  
The clock pin chardisp_v1_0_S00_AXI_inst/chardisp/color_reg[9]/C is not reached by a timing clock
Related violations: <none>

TIMING-17#30 Warning
Non-clocked sequential cell  
The clock pin chardisp_v1_0_S00_AXI_inst/chardisp/sreg_reg[0]/C is not reached by a timing clock
Related violations: <none>

TIMING-17#31 Warning
Non-clocked sequential cell  
The clock pin chardisp_v1_0_S00_AXI_inst/chardisp/sreg_reg[1]/C is not reached by a timing clock
Related violations: <none>

TIMING-17#32 Warning
Non-clocked sequential cell  
The clock pin chardisp_v1_0_S00_AXI_inst/chardisp/sreg_reg[2]/C is not reached by a timing clock
Related violations: <none>

TIMING-17#33 Warning
Non-clocked sequential cell  
The clock pin chardisp_v1_0_S00_AXI_inst/chardisp/sreg_reg[3]/C is not reached by a timing clock
Related violations: <none>

TIMING-17#34 Warning
Non-clocked sequential cell  
The clock pin chardisp_v1_0_S00_AXI_inst/chardisp/sreg_reg[4]/C is not reached by a timing clock
Related violations: <none>

TIMING-17#35 Warning
Non-clocked sequential cell  
The clock pin chardisp_v1_0_S00_AXI_inst/chardisp/sreg_reg[5]/C is not reached by a timing clock
Related violations: <none>

TIMING-17#36 Warning
Non-clocked sequential cell  
The clock pin chardisp_v1_0_S00_AXI_inst/chardisp/sreg_reg[6]/C is not reached by a timing clock
Related violations: <none>

TIMING-17#37 Warning
Non-clocked sequential cell  
The clock pin chardisp_v1_0_S00_AXI_inst/chardisp/sreg_reg[7]/C is not reached by a timing clock
Related violations: <none>

TIMING-17#38 Warning
Non-clocked sequential cell  
The clock pin chardisp_v1_0_S00_AXI_inst/chardisp/syncgen/HCNT_reg[0]/C is not reached by a timing clock
Related violations: <none>

TIMING-17#39 Warning
Non-clocked sequential cell  
The clock pin chardisp_v1_0_S00_AXI_inst/chardisp/syncgen/HCNT_reg[1]/C is not reached by a timing clock
Related violations: <none>

TIMING-17#40 Warning
Non-clocked sequential cell  
The clock pin chardisp_v1_0_S00_AXI_inst/chardisp/syncgen/HCNT_reg[2]/C is not reached by a timing clock
Related violations: <none>

TIMING-17#41 Warning
Non-clocked sequential cell  
The clock pin chardisp_v1_0_S00_AXI_inst/chardisp/syncgen/HCNT_reg[3]/C is not reached by a timing clock
Related violations: <none>

TIMING-17#42 Warning
Non-clocked sequential cell  
The clock pin chardisp_v1_0_S00_AXI_inst/chardisp/syncgen/HCNT_reg[4]/C is not reached by a timing clock
Related violations: <none>

TIMING-17#43 Warning
Non-clocked sequential cell  
The clock pin chardisp_v1_0_S00_AXI_inst/chardisp/syncgen/HCNT_reg[5]/C is not reached by a timing clock
Related violations: <none>

TIMING-17#44 Warning
Non-clocked sequential cell  
The clock pin chardisp_v1_0_S00_AXI_inst/chardisp/syncgen/HCNT_reg[6]/C is not reached by a timing clock
Related violations: <none>

TIMING-17#45 Warning
Non-clocked sequential cell  
The clock pin chardisp_v1_0_S00_AXI_inst/chardisp/syncgen/HCNT_reg[7]/C is not reached by a timing clock
Related violations: <none>

TIMING-17#46 Warning
Non-clocked sequential cell  
The clock pin chardisp_v1_0_S00_AXI_inst/chardisp/syncgen/HCNT_reg[8]/C is not reached by a timing clock
Related violations: <none>

TIMING-17#47 Warning
Non-clocked sequential cell  
The clock pin chardisp_v1_0_S00_AXI_inst/chardisp/syncgen/HCNT_reg[9]/C is not reached by a timing clock
Related violations: <none>

TIMING-17#48 Warning
Non-clocked sequential cell  
The clock pin chardisp_v1_0_S00_AXI_inst/chardisp/syncgen/VCNT_reg[0]/C is not reached by a timing clock
Related violations: <none>

TIMING-17#49 Warning
Non-clocked sequential cell  
The clock pin chardisp_v1_0_S00_AXI_inst/chardisp/syncgen/VCNT_reg[1]/C is not reached by a timing clock
Related violations: <none>

TIMING-17#50 Warning
Non-clocked sequential cell  
The clock pin chardisp_v1_0_S00_AXI_inst/chardisp/syncgen/VCNT_reg[2]/C is not reached by a timing clock
Related violations: <none>

TIMING-17#51 Warning
Non-clocked sequential cell  
The clock pin chardisp_v1_0_S00_AXI_inst/chardisp/syncgen/VCNT_reg[3]/C is not reached by a timing clock
Related violations: <none>

TIMING-17#52 Warning
Non-clocked sequential cell  
The clock pin chardisp_v1_0_S00_AXI_inst/chardisp/syncgen/VCNT_reg[4]/C is not reached by a timing clock
Related violations: <none>

TIMING-17#53 Warning
Non-clocked sequential cell  
The clock pin chardisp_v1_0_S00_AXI_inst/chardisp/syncgen/VCNT_reg[5]/C is not reached by a timing clock
Related violations: <none>

TIMING-17#54 Warning
Non-clocked sequential cell  
The clock pin chardisp_v1_0_S00_AXI_inst/chardisp/syncgen/VCNT_reg[6]/C is not reached by a timing clock
Related violations: <none>

TIMING-17#55 Warning
Non-clocked sequential cell  
The clock pin chardisp_v1_0_S00_AXI_inst/chardisp/syncgen/VCNT_reg[7]/C is not reached by a timing clock
Related violations: <none>

TIMING-17#56 Warning
Non-clocked sequential cell  
The clock pin chardisp_v1_0_S00_AXI_inst/chardisp/syncgen/VCNT_reg[8]/C is not reached by a timing clock
Related violations: <none>

TIMING-17#57 Warning
Non-clocked sequential cell  
The clock pin chardisp_v1_0_S00_AXI_inst/chardisp/syncgen/VCNT_reg[9]/C is not reached by a timing clock
Related violations: <none>

TIMING-17#58 Warning
Non-clocked sequential cell  
The clock pin chardisp_v1_0_S00_AXI_inst/chardisp/syncgen/VGA_HS_reg/C is not reached by a timing clock
Related violations: <none>

TIMING-17#59 Warning
Non-clocked sequential cell  
The clock pin chardisp_v1_0_S00_AXI_inst/chardisp/syncgen/VGA_VS_reg/C is not reached by a timing clock
Related violations: <none>

TIMING-17#60 Warning
Non-clocked sequential cell  
The clock pin chardisp_v1_0_S00_AXI_inst/chardisp/vga_rgb_reg[0]/C is not reached by a timing clock
Related violations: <none>

TIMING-17#61 Warning
Non-clocked sequential cell  
The clock pin chardisp_v1_0_S00_AXI_inst/chardisp/vga_rgb_reg[10]/C is not reached by a timing clock
Related violations: <none>

TIMING-17#62 Warning
Non-clocked sequential cell  
The clock pin chardisp_v1_0_S00_AXI_inst/chardisp/vga_rgb_reg[11]/C is not reached by a timing clock
Related violations: <none>

TIMING-17#63 Warning
Non-clocked sequential cell  
The clock pin chardisp_v1_0_S00_AXI_inst/chardisp/vga_rgb_reg[1]/C is not reached by a timing clock
Related violations: <none>

TIMING-17#64 Warning
Non-clocked sequential cell  
The clock pin chardisp_v1_0_S00_AXI_inst/chardisp/vga_rgb_reg[2]/C is not reached by a timing clock
Related violations: <none>

TIMING-17#65 Warning
Non-clocked sequential cell  
The clock pin chardisp_v1_0_S00_AXI_inst/chardisp/vga_rgb_reg[3]/C is not reached by a timing clock
Related violations: <none>

TIMING-17#66 Warning
Non-clocked sequential cell  
The clock pin chardisp_v1_0_S00_AXI_inst/chardisp/vga_rgb_reg[4]/C is not reached by a timing clock
Related violations: <none>

TIMING-17#67 Warning
Non-clocked sequential cell  
The clock pin chardisp_v1_0_S00_AXI_inst/chardisp/vga_rgb_reg[5]/C is not reached by a timing clock
Related violations: <none>

TIMING-17#68 Warning
Non-clocked sequential cell  
The clock pin chardisp_v1_0_S00_AXI_inst/chardisp/vga_rgb_reg[6]/C is not reached by a timing clock
Related violations: <none>

TIMING-17#69 Warning
Non-clocked sequential cell  
The clock pin chardisp_v1_0_S00_AXI_inst/chardisp/vga_rgb_reg[7]/C is not reached by a timing clock
Related violations: <none>

TIMING-17#70 Warning
Non-clocked sequential cell  
The clock pin chardisp_v1_0_S00_AXI_inst/chardisp/vga_rgb_reg[8]/C is not reached by a timing clock
Related violations: <none>

TIMING-17#71 Warning
Non-clocked sequential cell  
The clock pin chardisp_v1_0_S00_AXI_inst/chardisp/vga_rgb_reg[9]/C is not reached by a timing clock
Related violations: <none>


